{"timestamp":1741388311572,"controller_id":"temperature_controller","error":2.3500000000000014,"output":4.510000000000003,"p_term":4.700000000000003,"i_term":0.6350000000000002,"d_term":-0.8249999999999993}
{"timestamp":1741388311677,"controller_id":"temperature_controller","error":1.4945000000000022,"output":3.3457000000000052,"p_term":2.9890000000000043,"i_term":0.7844500000000004,"d_term":-0.42774999999999963}
{"timestamp":1741388311780,"controller_id":"temperature_controller","error":0.8804149999999993,"output":2.3262789999999973,"p_term":1.7608299999999986,"i_term":0.8724915000000003,"d_term":-0.30704250000000144}
{"timestamp":1741388311885,"controller_id":"temperature_controller","error":0.47635504999999867,"output":1.6708071299999974,"p_term":0.9527100999999973,"i_term":0.9201270050000002,"d_term":-0.2020299750000003}
{"timestamp":1741388311990,"controller_id":"temperature_controller","error":0.20743007349999942,"output":1.2212676710999992,"p_term":0.41486014699999885,"i_term":0.9408700123500001,"d_term":-0.13446248824999962}
{"timestamp":1741388312095,"controller_id":"temperature_controller","error":0.031102238544999494,"output":0.9180207958169992,"p_term":0.06220447708999899,"i_term":0.9439802362045001,"d_term":-0.08816391747749996}
{"timestamp":1741388312196,"controller_id":"temperature_controller","error":-0.08281294300385156,"output":0.7131154651219863,"p_term":-0.16562588600770312,"i_term":0.935698941904115,"d_term":-0.056957590774425526}
{"timestamp":1741388312301,"controller_id":"temperature_controller","error":-0.154607906598212,"output":0.5751248562506895,"p_term":-0.309215813196424,"i_term":0.9202381512442938,"d_term":-0.03589748179718022}
{"timestamp":1741388312406,"controller_id":"temperature_controller","error":-0.19808679878236646,"output":0.48251642770924696,"p_term":-0.3961735975647329,"i_term":0.9004294713660571,"d_term":-0.02173944609207723}
{"timestamp":1741388312511,"controller_id":"temperature_controller","error":-0.22260921633639086,"output":0.42068890828262406,"p_term":-0.4452184326727817,"i_term":0.878168549732418,"d_term":-0.0122612087770122}
{"timestamp":1741388312614,"controller_id":"temperature_controller","error":-0.23452090582955165,"output":0.3797188027437791,"p_term":-0.4690418116591033,"i_term":0.8547164591494628,"d_term":-0.0059558447465803965}
{"timestamp":1741388312720,"controller_id":"temperature_controller","error":-0.2381194573200105,"output":0.3528663230322113,"p_term":-0.476238914640021,"i_term":0.8309045134174617,"d_term":-0.0017992757452294228}
{"timestamp":1741388312825,"controller_id":"temperature_controller","error":-0.23631152735325145,"output":0.33555427095901325,"p_term":-0.4726230547065029,"i_term":0.8072733606821366,"d_term":0.0009039649833795238}
{"timestamp":1741388312930,"controller_id":"temperature_controller","error":-0.2310592662715223,"output":0.32467503205280446,"p_term":-0.4621185325430446,"i_term":0.7841674340549845,"d_term":0.0026261305408645796}
{"timestamp":1741388313035,"controller_id":"temperature_controller","error":-0.22368368001936645,"output":0.31811949914039284,"p_term":-0.4473673600387329,"i_term":0.7617990660530478,"d_term":0.0036877931260779206}
{"timestamp":1741388313140,"controller_id":"temperature_controller","error":-0.21507074304725293,"output":0.3144569741398734,"p_term":-0.43014148609450586,"i_term":0.7402919917483225,"d_term":0.004306468486056758}
{"timestamp":1741388313246,"controller_id":"temperature_controller","error":-0.20581143044475425,"output":0.3127176441155879,"p_term":-0.4116228608895085,"i_term":0.719710848703847,"d_term":0.004629656301249341}
{"timestamp":1741388313351,"controller_id":"temperature_controller","error":-0.19629684496342392,"output":0.312244767021322,"p_term":-0.39259368992684784,"i_term":0.7000811642075047,"d_term":0.004757292740665164}
{"timestamp":1741388313456,"controller_id":"temperature_controller","error":-0.18678282991805517,"output":0.3125942289022732,"p_term":-0.37356565983611034,"i_term":0.6814028812156991,"d_term":0.0047570075226843755}
{"timestamp":1741388313558,"controller_id":"temperature_controller","error":-0.17743384739932822,"output":0.3134662929364733,"p_term":-0.35486769479865643,"i_term":0.6636594964757663,"d_term":0.004674491259363478}
{"timestamp":1741388313663,"controller_id":"temperature_controller","error":-0.16835276751262995,"output":0.31465922464259255,"p_term":-0.3367055350252599,"i_term":0.6468242197245033,"d_term":0.004540539943349131}
{"timestamp":1741388313766,"controller_id":"temperature_controller","error":-0.15960108476602386,"output":0.3160377830891563,"p_term":-0.3192021695320477,"i_term":0.630864111247901,"d_term":0.004375841373303047}
{"timestamp":1741388313871,"controller_id":"temperature_controller","error":-0.15121263053619316,"output":0.31751181423681063,"p_term":-0.3024252610723863,"i_term":0.6157428481942816,"d_term":0.00419422711491535}
{"timestamp":1741388313976,"controller_id":"temperature_controller","error":-0.14320286707819463,"output":0.3190217090590721,"p_term":-0.28640573415638926,"i_term":0.6014225614864621,"d_term":0.0040048817289992655}
{"timestamp":1741388314081,"controller_id":"temperature_controller","error":-0.13557518021922732,"output":0.3205285264555684,"p_term":-0.27115036043845464,"i_term":0.5878650434645394,"d_term":0.0038138434294836543}
{"timestamp":1741388314184,"controller_id":"temperature_controller","error":-0.1283251337081488,"output":0.32200728593296624,"p_term":-0.2566502674162976,"i_term":0.5750325300937246,"d_term":0.0036250232555392614}
{"timestamp":1741388314289,"controller_id":"temperature_controller","error":-0.12144333955766129,"output":0.32344241409787955,"p_term":-0.24288667911532258,"i_term":0.5628881961379584,"d_term":0.003440897075243754}
{"timestamp":1741388314393,"controller_id":"temperature_controller","error":-0.11491738898165949,"output":0.3248246545644744,"p_term":-0.22983477796331897,"i_term":0.5513964572397925,"d_term":0.003262975288000902}
{"timestamp":1741388314497,"controller_id":"temperature_controller","error":-0.10873314600473805,"output":0.3261489721183033,"p_term":-0.2174662920094761,"i_term":0.5405231426393187,"d_term":0.0030921214884607195}
{"timestamp":1741388314598,"controller_id":"temperature_controller","error":-0.10287560896835046,"output":0.3274131323239765,"p_term":-0.20575121793670093,"i_term":0.5302355817424836,"d_term":0.0029287685181937917}
{"timestamp":1741388314699,"controller_id":"temperature_controller","error":-0.09732947934346114,"output":0.3286167399336598,"p_term":-0.1946589586869223,"i_term":0.5205026338081374,"d_term":0.002773064812444659}
{"timestamp":1741388314804,"controller_id":"temperature_controller","error":-0.09207953253675782,"output":0.3297605888842977,"p_term":-0.18415906507351565,"i_term":0.5112946805544617,"d_term":0.0026249734033516603}
{"timestamp":1741388314906,"controller_id":"temperature_controller","error":-0.08711085498825,"output":0.3308462238533906,"p_term":-0.1742217099765,"i_term":0.5025835950556367,"d_term":0.0024843387742539136}
{"timestamp":1741388315011,"controller_id":"temperature_controller","error":-0.08240899120904643,"output":0.331875645406241,"p_term":-0.16481798241809287,"i_term":0.49434269593473207,"d_term":0.0023509318896017817}
{"timestamp":1741388315115,"controller_id":"temperature_controller","error":-0.07796003037820398,"output":0.3328511125559249,"p_term":-0.15592006075640796,"i_term":0.48654669289691166,"d_term":0.002224480415421226}
{"timestamp":1741388315216,"controller_id":"temperature_controller","error":-0.07375065258560554,"output":0.33377501136343923,"p_term":-0.14750130517121107,"i_term":0.4791716276383511,"d_term":0.0021046888962992227}
{"timestamp":1741388315320,"controller_id":"temperature_controller","error":-0.06976814833243594,"output":0.3346497682668204,"p_term":-0.13953629666487188,"i_term":0.4721948128051075,"d_term":0.001991252126584797}
{"timestamp":1741388315424,"controller_id":"temperature_controller","error":-0.06600042050247623,"output":0.3354777936648873,"p_term":-0.13200084100495246,"i_term":0.4655947707548599,"d_term":0.0018838639149798553}
{"timestamp":1741388315529,"controller_id":"temperature_controller","error":-0.062435975030428637,"output":0.33626144592698354,"p_term":-0.12487195006085727,"i_term":0.459351173251817,"d_term":0.0017822227360237974}
{"timestamp":1741388315632,"controller_id":"temperature_controller","error":-0.05906390446552123,"output":0.33700300915667614,"p_term":-0.11812780893104247,"i_term":0.4534447828052649,"d_term":0.0016860352824537017}
{"timestamp":1741388315738,"controller_id":"temperature_controller","error":-0.05587386725220256,"output":0.3377046801822989,"p_term":-0.11174773450440512,"i_term":0.44785739608004466,"d_term":0.0015950186066593375}
{"timestamp":1741388315843,"controller_id":"temperature_controller","error":-0.05285606461614023,"output":0.33836856170418134,"p_term":-0.10571212923228046,"i_term":0.44257178961843063,"d_term":0.001508901318031164}
{"timestamp":1741388315947,"controller_id":"temperature_controller","error":-0.050001216310814556,"output":0.33899665951838287,"p_term":-0.10000243262162911,"i_term":0.43757166798734914,"d_term":0.0014274241526628373}
{"timestamp":1741388316049,"controller_id":"temperature_controller","error":-0.04730053605138451,"output":0.3395908824091567,"p_term":-0.09460107210276902,"i_term":0.4328416143822107,"d_term":0.001350340129715022}
{"timestamp":1741388316154,"controller_id":"temperature_controller","error":-0.04474570717270154,"output":0.34015304375887895,"p_term":-0.08949141434540309,"i_term":0.42836704366494055,"d_term":0.0012774144393414844}
{"timestamp":1741388316259,"controller_id":"temperature_controller","error":-0.04232885885275195,"output":0.34068486423413624,"p_term":-0.0846577177055039,"i_term":0.42413415777966534,"d_term":0.001208424159974797}
{"timestamp":1741388316364,"controller_id":"temperature_controller","error":-0.04004254311105271,"output":0.3411879751173043,"p_term":-0.08008508622210542,"i_term":0.4201299034685601,"d_term":0.0011431578708496204}
{"timestamp":1741388316466,"controller_id":"temperature_controller","error":-0.03787971270340407,"output":0.3416639219952359,"p_term":-0.07575942540680813,"i_term":0.4163419321982197,"d_term":0.0010814152038243208}
{"timestamp":1741388316571,"controller_id":"temperature_controller","error":-0.03583369997541652,"output":0.34211416861383875,"p_term":-0.07166739995083304,"i_term":0.412758562200678,"d_term":0.0010230063639937725}
{"timestamp":1741388316671,"controller_id":"temperature_controller","error":-0.03389819669843064,"output":0.34254010077246666,"p_term":-0.06779639339686128,"i_term":0.409368742530835,"d_term":0.0009677516384929419}
{"timestamp":1741388316776,"controller_id":"temperature_controller","error":-0.032067234885939655,"output":0.3429430301766072,"p_term":-0.06413446977187931,"i_term":0.40616201904224103,"d_term":0.0009154809062454916}
{"timestamp":1741388316880,"controller_id":"temperature_controller","error":-0.03033516857240315,"output":0.34332419819696264,"p_term":-0.0606703371448063,"i_term":0.4031285021850007,"d_term":0.0008660331567682533}
{"timestamp":1741388316981,"controller_id":"temperature_controller","error":-0.028696656526072672,"output":0.3436847795034133,"p_term":-0.057393313052145345,"i_term":0.4002588365323934,"d_term":0.0008192560231652379}
{"timestamp":1741388317083,"controller_id":"temperature_controller","error":-0.027146645861495955,"output":0.34402588555554026,"p_term":-0.05429329172299191,"i_term":0.3975441719462438,"d_term":0.0007750053322883588}
{"timestamp":1741388317189,"controller_id":"temperature_controller","error":-0.02568035651398759,"output":0.3443485679406241,"p_term":-0.05136071302797518,"i_term":0.39497613629484507,"d_term":0.0007331446737541825}
{"timestamp":1741388317294,"controller_id":"temperature_controller","error":-0.02429326653697217,"output":0.3446538215557112,"p_term":-0.04858653307394434,"i_term":0.39254680964114785,"d_term":0.0006935449885077105}
{"timestamp":1741388317399,"controller_id":"temperature_controller","error":-0.02298109818274341,"output":0.3449425876345011,"p_term":-0.04596219636548682,"i_term":0.3902486998228735,"d_term":0.0006560841771143799}
{"timestamp":1741388317504,"controller_id":"temperature_controller","error":-0.021739804727815226,"output":0.3452157566219256,"p_term":-0.04347960945563045,"i_term":0.38807471935009197,"d_term":0.0006206467274640914}
{"timestamp":1741388317609,"controller_id":"temperature_controller","error":-0.02056555800492177,"output":0.345474170901203,"p_term":-0.04113111600984354,"i_term":0.38601816354959984,"d_term":0.0005871233614467286}
{"timestamp":1741388317714,"controller_id":"temperature_controller","error":-0.019454736605112544,"output":0.3457186273787681,"p_term":-0.03890947321022509,"i_term":0.38407268988908855,"d_term":0.0005554106999046127}
{"timestamp":1741388317819,"controller_id":"temperature_controller","error":1.9815960852851866,"output":5.54594987993313,"p_term":3.963192170570373,"i_term":0.5822322984176073,"d_term":1.0005254109451496}
{"timestamp":1741388317924,"controller_id":"temperature_controller","error":0.9225901484457104,"output":1.9901686417338609,"p_term":1.8451802968914208,"i_term":0.6744913132621783,"d_term":-0.5295029684197381}
{"timestamp":1741388318029,"controller_id":"temperature_controller","error":0.5853305186144802,"output":1.7350555874369715,"p_term":1.1706610372289603,"i_term":0.7330243651236263,"d_term":-0.16862981491561513}
{"timestamp":1741388318131,"controller_id":"temperature_controller","error":0.30246609594093954,"output":1.226770955262829,"p_term":0.6049321918818791,"i_term":0.7632709747177202,"d_term":-0.1414322113367703}
{"timestamp":1741388318234,"controller_id":"temperature_controller","error":0.12408724392896531,"output":0.9346647609625602,"p_term":0.24817448785793061,"i_term":0.7756796991106167,"d_term":-0.08918942600598712}
{"timestamp":1741388318339,"controller_id":"temperature_controller","error":0.005913419297161937,"output":0.7290109673187551,"p_term":0.011826838594323874,"i_term":0.776271041040333,"d_term":-0.059086912315901685}
{"timestamp":1741388318441,"controller_id":"temperature_controller","error":-0.06994790835955911,"output":0.5914497696568983,"p_term":-0.13989581671911822,"i_term":0.7692762502043771,"d_term":-0.03793066382836052}
{"timestamp":1741388318546,"controller_id":"temperature_controller","error":-0.11753838320734289,"output":0.4986504080450651,"p_term":-0.23507676641468578,"i_term":0.7575224118836428,"d_term":-0.02379523742389189}
{"timestamp":1741388318651,"controller_id":"temperature_controller","error":-0.14609308098428286,"output":0.43644959292817875,"p_term":-0.2921861619685657,"i_term":0.7429131037852145,"d_term":-0.014277348888469987}
{"timestamp":1741388318756,"controller_id":"temperature_controller","error":-0.1619220687600773,"output":0.3949622655011549,"p_term":-0.3238441375201546,"i_term":0.7267208969092067,"d_term":-0.007914493887897223}
{"timestamp":1741388318858,"controller_id":"temperature_controller","error":-0.1692953011727063,"output":0.367514148240209,"p_term":-0.3385906023454126,"i_term":0.7097913667919361,"d_term":-0.003686616206314497}
{"timestamp":1741388318963,"controller_id":"temperature_controller","error":-0.17110517780902157,"output":0.3495655550748332,"p_term":-0.34221035561804314,"i_term":0.692680849011034,"d_term":-0.0009049383181576331}
{"timestamp":1741388319066,"controller_id":"temperature_controller","error":-0.16930723704589923,"output":0.3380346215962068,"p_term":-0.33861447409179846,"i_term":0.6757501253064441,"d_term":0.0008989703815611705}
{"timestamp":1741388319171,"controller_id":"temperature_controller","error":-0.1652210889946808,"output":0.33082891244322354,"p_term":-0.3304421779893616,"i_term":0.6592280164069759,"d_term":0.002043074025609215}
{"timestamp":1741388319275,"controller_id":"temperature_controller","error":-0.15973466059337937,"output":0.32652844336153,"p_term":-0.31946932118675875,"i_term":0.643254550347638,"d_term":0.002743214200650712}
{"timestamp":1741388319380,"controller_id":"temperature_controller","error":-0.15344300265975264,"output":0.3241700737289709,"p_term":-0.3068860053195053,"i_term":0.6279102500816628,"d_term":0.0031458289668133688}
{"timestamp":1741388319481,"controller_id":"temperature_controller","error":-0.14674258737894874,"output":0.3231010242262724,"p_term":-0.2934851747578975,"i_term":0.6132359913437679,"d_term":0.0033502076404019476}
{"timestamp":1741388319586,"controller_id":"temperature_controller","error":-0.13989536635041233,"output":0.32287933252217016,"p_term":-0.27979073270082466,"i_term":0.5992464547087266,"d_term":0.003423610514268205}
{"timestamp":1741388319691,"controller_id":"temperature_controller","error":-0.13307227919134235,"output":0.3232062119864427,"p_term":-0.2661445583826847,"i_term":0.5859392267895924,"d_term":0.0034115435795349924}
{"timestamp":1741388319796,"controller_id":"temperature_controller","error":-0.126382798796719,"output":0.3238800895137942,"p_term":-0.252765597593438,"i_term":0.5733009469099205,"d_term":0.0033447401973116797}
{"timestamp":1741388319901,"controller_id":"temperature_controller","error":-0.11989498871151127,"output":0.32476537565835073,"p_term":-0.23978997742302255,"i_term":0.5613114480387694,"d_term":0.0032439050426038563}
{"timestamp":1741388320006,"controller_id":"temperature_controller","error":-0.1136491139560647,"output":0.32577124610875685,"p_term":-0.2272982279121294,"i_term":0.549946536643163,"d_term":0.0031229373777232894}
{"timestamp":1741388320111,"controller_id":"temperature_controller","error":-0.10766687203825498,"output":0.3268372263217323,"p_term":-0.21533374407650996,"i_term":0.5391798494393374,"d_term":0.002991120958904858}
{"timestamp":1741388320214,"controller_id":"temperature_controller","error":-0.10195764858221779,"output":0.3279233991446987,"p_term":-0.20391529716443557,"i_term":0.5289840845811157,"d_term":0.0028546117280185968}
{"timestamp":1741388320319,"controller_id":"temperature_controller","error":-0.09652275192533466,"output":0.3290037538663544,"p_term":-0.19304550385066932,"i_term":0.5193318093885821,"d_term":0.002717448328441563}
{"timestamp":1741388320424,"controller_id":"temperature_controller","error":-0.09135827517935269,"output":0.33006166988493246,"p_term":-0.18271655035870538,"i_term":0.5101959818706469,"d_term":0.002582238372990986}
{"timestamp":1741388320529,"controller_id":"temperature_controller","error":-0.08645702640454545,"output":0.3310868508085051,"p_term":-0.1729140528090909,"i_term":0.5015502792301924,"d_term":0.0024506243874036215}
{"timestamp":1741388320632,"controller_id":"temperature_controller","error":-0.08180982630220157,"output":0.332073244046741,"p_term":-0.16361965260440314,"i_term":0.4933692965999722,"d_term":0.002323600051171937}
{"timestamp":1741388320737,"controller_id":"temperature_controller","error":-0.07740637684852913,"output":0.33301762994489725,"p_term":-0.15481275369705827,"i_term":0.4856286589151193,"d_term":0.0022017247268362183}
{"timestamp":1741388320842,"controller_id":"temperature_controller","error":-0.07323583906902442,"output":0.33391866575992035,"p_term":-0.14647167813804884,"i_term":0.47830507500821684,"d_term":0.0020852688897523564}
{"timestamp":1741388320944,"controller_id":"temperature_controller","error":-0.069287213830318,"output":0.33477623858390226,"p_term":-0.138574427660636,"i_term":0.47137635362518504,"d_term":0.0019743126193532134}
{"timestamp":1741388321049,"controller_id":"temperature_controller","error":-0.0655495894087963,"output":0.33559102807747365,"p_term":-0.1310991788175926,"i_term":0.4648213946843054,"d_term":0.0018688122107608507}
{"timestamp":1741388321154,"controller_id":"temperature_controller","error":-0.062012299130202564,"output":0.3363642116501769,"p_term":-0.12402459826040513,"i_term":0.45862016477128514,"d_term":0.001768645139296865}
{"timestamp":1741388321259,"controller_id":"temperature_controller","error":-0.058665018468936125,"output":0.33709726631715253,"p_term":-0.11733003693787225,"i_term":0.45275366292439156,"d_term":0.0016736403306332193}
{"timestamp":1741388321364,"controller_id":"temperature_controller","error":-0.05549782154767868,"output":0.33779183613489505,"p_term":-0.11099564309535737,"i_term":0.4472038807696237,"d_term":0.0015835984606287212}
{"timestamp":1741388321469,"controller_id":"temperature_controller","error":-0.052501210559182,"output":0.33844964408958983,"p_term":-0.105002421118364,"i_term":0.4419537597137055,"d_term":0.001498305494248342}
{"timestamp":1741388321572,"controller_id":"temperature_controller","error":-0.04966612727150732,"output":0.3390724340873774,"p_term":-0.09933225454301464,"i_term":0.4369871469865547,"d_term":0.001417541643837339}
{"timestamp":1741388321678,"controller_id":"temperature_controller","error":-0.046983952816269436,"output":0.3396619333000079,"p_term":-0.09396790563253887,"i_term":0.4322887517049278,"d_term":0.0013410872276189423}
{"timestamp":1741388321779,"controller_id":"temperature_controller","error":-0.04444649994810845,"output":0.3402198282479805,"p_term":-0.0888929998962169,"i_term":0.42784410171011694,"d_term":0.0012687264340804916}
{"timestamp":1741388321881,"controller_id":"temperature_controller","error":-0.04204600059822283,"output":0.3407477501287918,"p_term":-0.08409200119644566,"i_term":0.4236395016502947,"d_term":0.0012002496749428104}
{"timestamp":1741388321982,"controller_id":"temperature_controller","error":-0.03977509061799722,"output":0.3412472663426133,"p_term":-0.07955018123599444,"i_term":0.41966199258849496,"d_term":0.0011354549901128053}
{"timestamp":1741388322083,"controller_id":"temperature_controller","error":-0.03762679298034044,"output":0.34171987614860844,"p_term":-0.07525358596068088,"i_term":0.4158993132904609,"d_term":0.001074148818828391}
{"timestamp":1741388322188,"controller_id":"temperature_controller","error":-0.03559450028025779,"output":0.34216700905196085,"p_term":-0.07118900056051558,"i_term":0.4123398632624351,"d_term":0.0010161463500413248}
{"timestamp":1741388322293,"controller_id":"temperature_controller","error":-0.033671957087847204,"output":0.3425900249741613,"p_term":-0.06734391417569441,"i_term":0.4089726675536504,"d_term":0.0009612715962052931}
{"timestamp":1741388322395,"controller_id":"temperature_controller","error":-0.03185324251180077,"output":0.342990215566892,"p_term":-0.06370648502360154,"i_term":0.40578734330247035,"d_term":0.0009093572880232159}
{"timestamp":1741388322500,"controller_id":"temperature_controller","error":-0.03013275320006059,"output":0.3433688062382132,"p_term":-0.06026550640012118,"i_term":0.4027740679824643,"d_term":0.0008602446558700905}
{"timestamp":1741388322605,"controller_id":"temperature_controller","error":-0.028505186915701586,"output":0.34372695860167046,"p_term":-0.05701037383140317,"i_term":0.39992354929089413,"d_term":0.0008137831421795028}
{"timestamp":1741388322710,"controller_id":"temperature_controller","error":-0.026965526766879577,"output":0.344065773154858,"p_term":-0.053931053533759155,"i_term":0.39722699661420613,"d_term":0.0007698300744110043}
{"timestamp":1741388322816,"controller_id":"temperature_controller","error":-0.0255090261301838,"output":0.34438629205916804,"p_term":-0.0510180522603676,"i_term":0.39467609400118775,"d_term":0.0007282503183478894}
{"timestamp":1741388322922,"controller_id":"temperature_controller","error":-0.024131194280716528,"output":0.3446895019364167,"p_term":-0.048262388561433056,"i_term":0.3922629745731161,"d_term":0.0006889159247336352}
{"timestamp":1741388323027,"controller_id":"temperature_controller","error":-0.022827782725194368,"output":0.344976336627969,"p_term":-0.045655565450388735,"i_term":0.38998019630059666,"d_term":0.0006517057777610802}
{"timestamp":1741388323131,"controller_id":"temperature_controller","error":-0.021594772223537007,"output":0.34524767988199767,"p_term":-0.04318954444707401,"i_term":0.387820719078243,"d_term":0.0006165052508286806}
{"timestamp":1741388323236,"controller_id":"temperature_controller","error":-0.0204283604777018,"output":0.3455043679479868,"p_term":-0.0408567209554036,"i_term":0.3857778830304728,"d_term":0.0005832058729176026}
{"timestamp":1741388323341,"controller_id":"temperature_controller","error":-0.01932495046252214,"output":0.34574719206676613,"p_term":-0.03864990092504428,"i_term":0.3838453879842206,"d_term":0.0005517050075898311}
{"timestamp":1741388323445,"controller_id":"temperature_controller","error":-0.018281139371250532,"output":0.34597690085023025,"p_term":-0.036562278742501064,"i_term":0.3820172740470955,"d_term":0.0005219055456358035}
{"timestamp":1741388323545,"controller_id":"temperature_controller","error":-0.017293708147583686,"output":0.34619420254900324,"p_term":-0.03458741629516737,"i_term":0.3802879032323372,"d_term":0.0004937156118334229}
{"timestamp":1741388323648,"controller_id":"temperature_controller","error":-0.016359611575907707,"output":0.34639976720876897,"p_term":-0.03271922315181541,"i_term":0.3786519420747464,"d_term":0.00046704828583798985}
{"timestamp":1741388323749,"controller_id":"temperature_controller","error":-0.015475968901903059,"output":0.3465942287177523,"p_term":-0.030951937803806118,"i_term":0.3771043451845561,"d_term":0.00044182133700232384}
{"timestamp":1741388323855,"controller_id":"temperature_controller","error":-0.014640054956434057,"output":0.3467781867487791,"p_term":-0.029280109912868113,"i_term":0.3756403396889127,"d_term":0.00041795697273450116}
{"timestamp":1741388405521,"controller_id":"temperature_controller","error":2.3500000000000014,"output":4.510000000000003,"p_term":4.700000000000003,"i_term":0.6350000000000002,"d_term":-0.8249999999999993}
{"timestamp":1741388405626,"controller_id":"temperature_controller","error":1.4945000000000022,"output":3.3457000000000052,"p_term":2.9890000000000043,"i_term":0.7844500000000004,"d_term":-0.42774999999999963}
{"timestamp":1741388405731,"controller_id":"temperature_controller","error":0.8804149999999993,"output":2.3262789999999973,"p_term":1.7608299999999986,"i_term":0.8724915000000003,"d_term":-0.30704250000000144}
{"timestamp":1741388405836,"controller_id":"temperature_controller","error":0.47635504999999867,"output":1.6708071299999974,"p_term":0.9527100999999973,"i_term":0.9201270050000002,"d_term":-0.2020299750000003}
{"timestamp":1741388405941,"controller_id":"temperature_controller","error":0.20743007349999942,"output":1.2212676710999992,"p_term":0.41486014699999885,"i_term":0.9408700123500001,"d_term":-0.13446248824999962}
{"timestamp":1741388406046,"controller_id":"temperature_controller","error":0.031102238544999494,"output":0.9180207958169992,"p_term":0.06220447708999899,"i_term":0.9439802362045001,"d_term":-0.08816391747749996}
{"timestamp":1741388406150,"controller_id":"temperature_controller","error":-0.08281294300385156,"output":0.7131154651219863,"p_term":-0.16562588600770312,"i_term":0.935698941904115,"d_term":-0.056957590774425526}
{"timestamp":1741388406255,"controller_id":"temperature_controller","error":-0.154607906598212,"output":0.5751248562506895,"p_term":-0.309215813196424,"i_term":0.9202381512442938,"d_term":-0.03589748179718022}
{"timestamp":1741388406360,"controller_id":"temperature_controller","error":-0.19808679878236646,"output":0.48251642770924696,"p_term":-0.3961735975647329,"i_term":0.9004294713660571,"d_term":-0.02173944609207723}
{"timestamp":1741388406464,"controller_id":"temperature_controller","error":-0.22260921633639086,"output":0.42068890828262406,"p_term":-0.4452184326727817,"i_term":0.878168549732418,"d_term":-0.0122612087770122}
{"timestamp":1741388406569,"controller_id":"temperature_controller","error":-0.23452090582955165,"output":0.3797188027437791,"p_term":-0.4690418116591033,"i_term":0.8547164591494628,"d_term":-0.0059558447465803965}
{"timestamp":1741388406671,"controller_id":"temperature_controller","error":-0.2381194573200105,"output":0.3528663230322113,"p_term":-0.476238914640021,"i_term":0.8309045134174617,"d_term":-0.0017992757452294228}
{"timestamp":1741388406775,"controller_id":"temperature_controller","error":-0.23631152735325145,"output":0.33555427095901325,"p_term":-0.4726230547065029,"i_term":0.8072733606821366,"d_term":0.0009039649833795238}
{"timestamp":1741388406880,"controller_id":"temperature_controller","error":-0.2310592662715223,"output":0.32467503205280446,"p_term":-0.4621185325430446,"i_term":0.7841674340549845,"d_term":0.0026261305408645796}
{"timestamp":1741388406985,"controller_id":"temperature_controller","error":-0.22368368001936645,"output":0.31811949914039284,"p_term":-0.4473673600387329,"i_term":0.7617990660530478,"d_term":0.0036877931260779206}
{"timestamp":1741388407090,"controller_id":"temperature_controller","error":-0.21507074304725293,"output":0.3144569741398734,"p_term":-0.43014148609450586,"i_term":0.7402919917483225,"d_term":0.004306468486056758}
{"timestamp":1741388407195,"controller_id":"temperature_controller","error":-0.20581143044475425,"output":0.3127176441155879,"p_term":-0.4116228608895085,"i_term":0.719710848703847,"d_term":0.004629656301249341}
{"timestamp":1741388407300,"controller_id":"temperature_controller","error":-0.19629684496342392,"output":0.312244767021322,"p_term":-0.39259368992684784,"i_term":0.7000811642075047,"d_term":0.004757292740665164}
{"timestamp":1741388407402,"controller_id":"temperature_controller","error":-0.18678282991805517,"output":0.3125942289022732,"p_term":-0.37356565983611034,"i_term":0.6814028812156991,"d_term":0.0047570075226843755}
{"timestamp":1741388407503,"controller_id":"temperature_controller","error":-0.17743384739932822,"output":0.3134662929364733,"p_term":-0.35486769479865643,"i_term":0.6636594964757663,"d_term":0.004674491259363478}
{"timestamp":1741388407603,"controller_id":"temperature_controller","error":-0.16835276751262995,"output":0.31465922464259255,"p_term":-0.3367055350252599,"i_term":0.6468242197245033,"d_term":0.004540539943349131}
{"timestamp":1741388407708,"controller_id":"temperature_controller","error":-0.15960108476602386,"output":0.3160377830891563,"p_term":-0.3192021695320477,"i_term":0.630864111247901,"d_term":0.004375841373303047}
{"timestamp":1741388407813,"controller_id":"temperature_controller","error":-0.15121263053619316,"output":0.31751181423681063,"p_term":-0.3024252610723863,"i_term":0.6157428481942816,"d_term":0.00419422711491535}
{"timestamp":1741388407914,"controller_id":"temperature_controller","error":-0.14320286707819463,"output":0.3190217090590721,"p_term":-0.28640573415638926,"i_term":0.6014225614864621,"d_term":0.0040048817289992655}
{"timestamp":1741388408019,"controller_id":"temperature_controller","error":-0.13557518021922732,"output":0.3205285264555684,"p_term":-0.27115036043845464,"i_term":0.5878650434645394,"d_term":0.0038138434294836543}
{"timestamp":1741388408125,"controller_id":"temperature_controller","error":-0.1283251337081488,"output":0.32200728593296624,"p_term":-0.2566502674162976,"i_term":0.5750325300937246,"d_term":0.0036250232555392614}
{"timestamp":1741388408226,"controller_id":"temperature_controller","error":-0.12144333955766129,"output":0.32344241409787955,"p_term":-0.24288667911532258,"i_term":0.5628881961379584,"d_term":0.003440897075243754}
{"timestamp":1741388408326,"controller_id":"temperature_controller","error":-0.11491738898165949,"output":0.3248246545644744,"p_term":-0.22983477796331897,"i_term":0.5513964572397925,"d_term":0.003262975288000902}
{"timestamp":1741388408431,"controller_id":"temperature_controller","error":-0.10873314600473805,"output":0.3261489721183033,"p_term":-0.2174662920094761,"i_term":0.5405231426393187,"d_term":0.0030921214884607195}
{"timestamp":1741388408536,"controller_id":"temperature_controller","error":-0.10287560896835046,"output":0.3274131323239765,"p_term":-0.20575121793670093,"i_term":0.5302355817424836,"d_term":0.0029287685181937917}
{"timestamp":1741388408641,"controller_id":"temperature_controller","error":-0.09732947934346114,"output":0.3286167399336598,"p_term":-0.1946589586869223,"i_term":0.5205026338081374,"d_term":0.002773064812444659}
{"timestamp":1741388408746,"controller_id":"temperature_controller","error":-0.09207953253675782,"output":0.3297605888842977,"p_term":-0.18415906507351565,"i_term":0.5112946805544617,"d_term":0.0026249734033516603}
{"timestamp":1741388408851,"controller_id":"temperature_controller","error":-0.08711085498825,"output":0.3308462238533906,"p_term":-0.1742217099765,"i_term":0.5025835950556367,"d_term":0.0024843387742539136}
{"timestamp":1741388408954,"controller_id":"temperature_controller","error":-0.08240899120904643,"output":0.331875645406241,"p_term":-0.16481798241809287,"i_term":0.49434269593473207,"d_term":0.0023509318896017817}
{"timestamp":1741388409059,"controller_id":"temperature_controller","error":-0.07796003037820398,"output":0.3328511125559249,"p_term":-0.15592006075640796,"i_term":0.48654669289691166,"d_term":0.002224480415421226}
{"timestamp":1741388409164,"controller_id":"temperature_controller","error":-0.07375065258560554,"output":0.33377501136343923,"p_term":-0.14750130517121107,"i_term":0.4791716276383511,"d_term":0.0021046888962992227}
{"timestamp":1741388409269,"controller_id":"temperature_controller","error":-0.06976814833243594,"output":0.3346497682668204,"p_term":-0.13953629666487188,"i_term":0.4721948128051075,"d_term":0.001991252126584797}
{"timestamp":1741388409373,"controller_id":"temperature_controller","error":-0.06600042050247623,"output":0.3354777936648873,"p_term":-0.13200084100495246,"i_term":0.4655947707548599,"d_term":0.0018838639149798553}
{"timestamp":1741388409478,"controller_id":"temperature_controller","error":-0.062435975030428637,"output":0.33626144592698354,"p_term":-0.12487195006085727,"i_term":0.459351173251817,"d_term":0.0017822227360237974}
{"timestamp":1741388409581,"controller_id":"temperature_controller","error":-0.05906390446552123,"output":0.33700300915667614,"p_term":-0.11812780893104247,"i_term":0.4534447828052649,"d_term":0.0016860352824537017}
{"timestamp":1741388409685,"controller_id":"temperature_controller","error":-0.05587386725220256,"output":0.3377046801822989,"p_term":-0.11174773450440512,"i_term":0.44785739608004466,"d_term":0.0015950186066593375}
{"timestamp":1741388409788,"controller_id":"temperature_controller","error":-0.05285606461614023,"output":0.33836856170418134,"p_term":-0.10571212923228046,"i_term":0.44257178961843063,"d_term":0.001508901318031164}
{"timestamp":1741388409893,"controller_id":"temperature_controller","error":-0.050001216310814556,"output":0.33899665951838287,"p_term":-0.10000243262162911,"i_term":0.43757166798734914,"d_term":0.0014274241526628373}
{"timestamp":1741388409998,"controller_id":"temperature_controller","error":-0.04730053605138451,"output":0.3395908824091567,"p_term":-0.09460107210276902,"i_term":0.4328416143822107,"d_term":0.001350340129715022}
{"timestamp":1741388410103,"controller_id":"temperature_controller","error":-0.04474570717270154,"output":0.34015304375887895,"p_term":-0.08949141434540309,"i_term":0.42836704366494055,"d_term":0.0012774144393414844}
{"timestamp":1741388410208,"controller_id":"temperature_controller","error":-0.04232885885275195,"output":0.34068486423413624,"p_term":-0.0846577177055039,"i_term":0.42413415777966534,"d_term":0.001208424159974797}
{"timestamp":1741388410313,"controller_id":"temperature_controller","error":-0.04004254311105271,"output":0.3411879751173043,"p_term":-0.08008508622210542,"i_term":0.4201299034685601,"d_term":0.0011431578708496204}
{"timestamp":1741388410418,"controller_id":"temperature_controller","error":-0.03787971270340407,"output":0.3416639219952359,"p_term":-0.07575942540680813,"i_term":0.4163419321982197,"d_term":0.0010814152038243208}
{"timestamp":1741388410521,"controller_id":"temperature_controller","error":-0.03583369997541652,"output":0.34211416861383875,"p_term":-0.07166739995083304,"i_term":0.412758562200678,"d_term":0.0010230063639937725}
{"timestamp":1741388410626,"controller_id":"temperature_controller","error":-0.03389819669843064,"output":0.34254010077246666,"p_term":-0.06779639339686128,"i_term":0.409368742530835,"d_term":0.0009677516384929419}
{"timestamp":1741388410731,"controller_id":"temperature_controller","error":-0.032067234885939655,"output":0.3429430301766072,"p_term":-0.06413446977187931,"i_term":0.40616201904224103,"d_term":0.0009154809062454916}
{"timestamp":1741388410836,"controller_id":"temperature_controller","error":-0.03033516857240315,"output":0.34332419819696264,"p_term":-0.0606703371448063,"i_term":0.4031285021850007,"d_term":0.0008660331567682533}
{"timestamp":1741388410937,"controller_id":"temperature_controller","error":-0.028696656526072672,"output":0.3436847795034133,"p_term":-0.057393313052145345,"i_term":0.4002588365323934,"d_term":0.0008192560231652379}
{"timestamp":1741388411043,"controller_id":"temperature_controller","error":-0.027146645861495955,"output":0.34402588555554026,"p_term":-0.05429329172299191,"i_term":0.3975441719462438,"d_term":0.0007750053322883588}
{"timestamp":1741388411148,"controller_id":"temperature_controller","error":-0.02568035651398759,"output":0.3443485679406241,"p_term":-0.05136071302797518,"i_term":0.39497613629484507,"d_term":0.0007331446737541825}
{"timestamp":1741388411253,"controller_id":"temperature_controller","error":-0.02429326653697217,"output":0.3446538215557112,"p_term":-0.04858653307394434,"i_term":0.39254680964114785,"d_term":0.0006935449885077105}
{"timestamp":1741388411353,"controller_id":"temperature_controller","error":-0.02298109818274341,"output":0.3449425876345011,"p_term":-0.04596219636548682,"i_term":0.3902486998228735,"d_term":0.0006560841771143799}
{"timestamp":1741388411458,"controller_id":"temperature_controller","error":-0.021739804727815226,"output":0.3452157566219256,"p_term":-0.04347960945563045,"i_term":0.38807471935009197,"d_term":0.0006206467274640914}
{"timestamp":1741388411563,"controller_id":"temperature_controller","error":-0.02056555800492177,"output":0.345474170901203,"p_term":-0.04113111600984354,"i_term":0.38601816354959984,"d_term":0.0005871233614467286}
{"timestamp":1741388411668,"controller_id":"temperature_controller","error":-0.019454736605112544,"output":0.3457186273787681,"p_term":-0.03890947321022509,"i_term":0.38407268988908855,"d_term":0.0005554106999046127}
{"timestamp":1741388411770,"controller_id":"temperature_controller","error":1.9815960852851866,"output":5.54594987993313,"p_term":3.963192170570373,"i_term":0.5822322984176073,"d_term":1.0005254109451496}
{"timestamp":1741388411871,"controller_id":"temperature_controller","error":0.9225901484457104,"output":1.9901686417338609,"p_term":1.8451802968914208,"i_term":0.6744913132621783,"d_term":-0.5295029684197381}
{"timestamp":1741388411976,"controller_id":"temperature_controller","error":0.5853305186144802,"output":1.7350555874369715,"p_term":1.1706610372289603,"i_term":0.7330243651236263,"d_term":-0.16862981491561513}
{"timestamp":1741388412081,"controller_id":"temperature_controller","error":0.30246609594093954,"output":1.226770955262829,"p_term":0.6049321918818791,"i_term":0.7632709747177202,"d_term":-0.1414322113367703}
{"timestamp":1741388412187,"controller_id":"temperature_controller","error":0.12408724392896531,"output":0.9346647609625602,"p_term":0.24817448785793061,"i_term":0.7756796991106167,"d_term":-0.08918942600598712}
{"timestamp":1741388412288,"controller_id":"temperature_controller","error":0.005913419297161937,"output":0.7290109673187551,"p_term":0.011826838594323874,"i_term":0.776271041040333,"d_term":-0.059086912315901685}
{"timestamp":1741388412394,"controller_id":"temperature_controller","error":-0.06994790835955911,"output":0.5914497696568983,"p_term":-0.13989581671911822,"i_term":0.7692762502043771,"d_term":-0.03793066382836052}
{"timestamp":1741388412499,"controller_id":"temperature_controller","error":-0.11753838320734289,"output":0.4986504080450651,"p_term":-0.23507676641468578,"i_term":0.7575224118836428,"d_term":-0.02379523742389189}
{"timestamp":1741388412604,"controller_id":"temperature_controller","error":-0.14609308098428286,"output":0.43644959292817875,"p_term":-0.2921861619685657,"i_term":0.7429131037852145,"d_term":-0.014277348888469987}
{"timestamp":1741388412709,"controller_id":"temperature_controller","error":-0.1619220687600773,"output":0.3949622655011549,"p_term":-0.3238441375201546,"i_term":0.7267208969092067,"d_term":-0.007914493887897223}
{"timestamp":1741388412814,"controller_id":"temperature_controller","error":-0.1692953011727063,"output":0.367514148240209,"p_term":-0.3385906023454126,"i_term":0.7097913667919361,"d_term":-0.003686616206314497}
{"timestamp":1741388412919,"controller_id":"temperature_controller","error":-0.17110517780902157,"output":0.3495655550748332,"p_term":-0.34221035561804314,"i_term":0.692680849011034,"d_term":-0.0009049383181576331}
{"timestamp":1741388413025,"controller_id":"temperature_controller","error":-0.16930723704589923,"output":0.3380346215962068,"p_term":-0.33861447409179846,"i_term":0.6757501253064441,"d_term":0.0008989703815611705}
{"timestamp":1741388413130,"controller_id":"temperature_controller","error":-0.1652210889946808,"output":0.33082891244322354,"p_term":-0.3304421779893616,"i_term":0.6592280164069759,"d_term":0.002043074025609215}
{"timestamp":1741388413235,"controller_id":"temperature_controller","error":-0.15973466059337937,"output":0.32652844336153,"p_term":-0.31946932118675875,"i_term":0.643254550347638,"d_term":0.002743214200650712}
{"timestamp":1741388413340,"controller_id":"temperature_controller","error":-0.15344300265975264,"output":0.3241700737289709,"p_term":-0.3068860053195053,"i_term":0.6279102500816628,"d_term":0.0031458289668133688}
{"timestamp":1741388413445,"controller_id":"temperature_controller","error":-0.14674258737894874,"output":0.3231010242262724,"p_term":-0.2934851747578975,"i_term":0.6132359913437679,"d_term":0.0033502076404019476}
{"timestamp":1741388413550,"controller_id":"temperature_controller","error":-0.13989536635041233,"output":0.32287933252217016,"p_term":-0.27979073270082466,"i_term":0.5992464547087266,"d_term":0.003423610514268205}
{"timestamp":1741388413655,"controller_id":"temperature_controller","error":-0.13307227919134235,"output":0.3232062119864427,"p_term":-0.2661445583826847,"i_term":0.5859392267895924,"d_term":0.0034115435795349924}
{"timestamp":1741388413760,"controller_id":"temperature_controller","error":-0.126382798796719,"output":0.3238800895137942,"p_term":-0.252765597593438,"i_term":0.5733009469099205,"d_term":0.0033447401973116797}
{"timestamp":1741388413865,"controller_id":"temperature_controller","error":-0.11989498871151127,"output":0.32476537565835073,"p_term":-0.23978997742302255,"i_term":0.5613114480387694,"d_term":0.0032439050426038563}
{"timestamp":1741388413970,"controller_id":"temperature_controller","error":-0.1136491139560647,"output":0.32577124610875685,"p_term":-0.2272982279121294,"i_term":0.549946536643163,"d_term":0.0031229373777232894}
{"timestamp":1741388414075,"controller_id":"temperature_controller","error":-0.10766687203825498,"output":0.3268372263217323,"p_term":-0.21533374407650996,"i_term":0.5391798494393374,"d_term":0.002991120958904858}
{"timestamp":1741388414180,"controller_id":"temperature_controller","error":-0.10195764858221779,"output":0.3279233991446987,"p_term":-0.20391529716443557,"i_term":0.5289840845811157,"d_term":0.0028546117280185968}
{"timestamp":1741388414286,"controller_id":"temperature_controller","error":-0.09652275192533466,"output":0.3290037538663544,"p_term":-0.19304550385066932,"i_term":0.5193318093885821,"d_term":0.002717448328441563}
{"timestamp":1741388414391,"controller_id":"temperature_controller","error":-0.09135827517935269,"output":0.33006166988493246,"p_term":-0.18271655035870538,"i_term":0.5101959818706469,"d_term":0.002582238372990986}
{"timestamp":1741388414496,"controller_id":"temperature_controller","error":-0.08645702640454545,"output":0.3310868508085051,"p_term":-0.1729140528090909,"i_term":0.5015502792301924,"d_term":0.0024506243874036215}
{"timestamp":1741388414601,"controller_id":"temperature_controller","error":-0.08180982630220157,"output":0.332073244046741,"p_term":-0.16361965260440314,"i_term":0.4933692965999722,"d_term":0.002323600051171937}
{"timestamp":1741388414703,"controller_id":"temperature_controller","error":-0.07740637684852913,"output":0.33301762994489725,"p_term":-0.15481275369705827,"i_term":0.4856286589151193,"d_term":0.0022017247268362183}
{"timestamp":1741388414807,"controller_id":"temperature_controller","error":-0.07323583906902442,"output":0.33391866575992035,"p_term":-0.14647167813804884,"i_term":0.47830507500821684,"d_term":0.0020852688897523564}
{"timestamp":1741388414910,"controller_id":"temperature_controller","error":-0.069287213830318,"output":0.33477623858390226,"p_term":-0.138574427660636,"i_term":0.47137635362518504,"d_term":0.0019743126193532134}
{"timestamp":1741388415015,"controller_id":"temperature_controller","error":-0.0655495894087963,"output":0.33559102807747365,"p_term":-0.1310991788175926,"i_term":0.4648213946843054,"d_term":0.0018688122107608507}
{"timestamp":1741388415120,"controller_id":"temperature_controller","error":-0.062012299130202564,"output":0.3363642116501769,"p_term":-0.12402459826040513,"i_term":0.45862016477128514,"d_term":0.001768645139296865}
{"timestamp":1741388415223,"controller_id":"temperature_controller","error":-0.058665018468936125,"output":0.33709726631715253,"p_term":-0.11733003693787225,"i_term":0.45275366292439156,"d_term":0.0016736403306332193}
{"timestamp":1741388415328,"controller_id":"temperature_controller","error":-0.05549782154767868,"output":0.33779183613489505,"p_term":-0.11099564309535737,"i_term":0.4472038807696237,"d_term":0.0015835984606287212}
{"timestamp":1741388415433,"controller_id":"temperature_controller","error":-0.052501210559182,"output":0.33844964408958983,"p_term":-0.105002421118364,"i_term":0.4419537597137055,"d_term":0.001498305494248342}
{"timestamp":1741388415538,"controller_id":"temperature_controller","error":-0.04966612727150732,"output":0.3390724340873774,"p_term":-0.09933225454301464,"i_term":0.4369871469865547,"d_term":0.001417541643837339}
{"timestamp":1741388415643,"controller_id":"temperature_controller","error":-0.046983952816269436,"output":0.3396619333000079,"p_term":-0.09396790563253887,"i_term":0.4322887517049278,"d_term":0.0013410872276189423}
{"timestamp":1741388415748,"controller_id":"temperature_controller","error":-0.04444649994810845,"output":0.3402198282479805,"p_term":-0.0888929998962169,"i_term":0.42784410171011694,"d_term":0.0012687264340804916}
{"timestamp":1741388415853,"controller_id":"temperature_controller","error":-0.04204600059822283,"output":0.3407477501287918,"p_term":-0.08409200119644566,"i_term":0.4236395016502947,"d_term":0.0012002496749428104}
{"timestamp":1741388415958,"controller_id":"temperature_controller","error":-0.03977509061799722,"output":0.3412472663426133,"p_term":-0.07955018123599444,"i_term":0.41966199258849496,"d_term":0.0011354549901128053}
{"timestamp":1741388416064,"controller_id":"temperature_controller","error":-0.03762679298034044,"output":0.34171987614860844,"p_term":-0.07525358596068088,"i_term":0.4158993132904609,"d_term":0.001074148818828391}
{"timestamp":1741388416169,"controller_id":"temperature_controller","error":-0.03559450028025779,"output":0.34216700905196085,"p_term":-0.07118900056051558,"i_term":0.4123398632624351,"d_term":0.0010161463500413248}
{"timestamp":1741388416271,"controller_id":"temperature_controller","error":-0.033671957087847204,"output":0.3425900249741613,"p_term":-0.06734391417569441,"i_term":0.4089726675536504,"d_term":0.0009612715962052931}
{"timestamp":1741388416376,"controller_id":"temperature_controller","error":-0.03185324251180077,"output":0.342990215566892,"p_term":-0.06370648502360154,"i_term":0.40578734330247035,"d_term":0.0009093572880232159}
{"timestamp":1741388416481,"controller_id":"temperature_controller","error":-0.03013275320006059,"output":0.3433688062382132,"p_term":-0.06026550640012118,"i_term":0.4027740679824643,"d_term":0.0008602446558700905}
{"timestamp":1741388416586,"controller_id":"temperature_controller","error":-0.028505186915701586,"output":0.34372695860167046,"p_term":-0.05701037383140317,"i_term":0.39992354929089413,"d_term":0.0008137831421795028}
{"timestamp":1741388416688,"controller_id":"temperature_controller","error":-0.026965526766879577,"output":0.344065773154858,"p_term":-0.053931053533759155,"i_term":0.39722699661420613,"d_term":0.0007698300744110043}
{"timestamp":1741388416804,"controller_id":"temperature_controller","error":-0.0255090261301838,"output":0.34438629205916804,"p_term":-0.0510180522603676,"i_term":0.39467609400118775,"d_term":0.0007282503183478894}
{"timestamp":1741388416906,"controller_id":"temperature_controller","error":-0.024131194280716528,"output":0.3446895019364167,"p_term":-0.048262388561433056,"i_term":0.3922629745731161,"d_term":0.0006889159247336352}
{"timestamp":1741388417010,"controller_id":"temperature_controller","error":-0.022827782725194368,"output":0.344976336627969,"p_term":-0.045655565450388735,"i_term":0.38998019630059666,"d_term":0.0006517057777610802}
{"timestamp":1741388417114,"controller_id":"temperature_controller","error":-0.021594772223537007,"output":0.34524767988199767,"p_term":-0.04318954444707401,"i_term":0.387820719078243,"d_term":0.0006165052508286806}
{"timestamp":1741388417216,"controller_id":"temperature_controller","error":-0.0204283604777018,"output":0.3455043679479868,"p_term":-0.0408567209554036,"i_term":0.3857778830304728,"d_term":0.0005832058729176026}
{"timestamp":1741388417325,"controller_id":"temperature_controller","error":-0.01932495046252214,"output":0.34574719206676613,"p_term":-0.03864990092504428,"i_term":0.3838453879842206,"d_term":0.0005517050075898311}
{"timestamp":1741388417433,"controller_id":"temperature_controller","error":-0.018281139371250532,"output":0.34597690085023025,"p_term":-0.036562278742501064,"i_term":0.3820172740470955,"d_term":0.0005219055456358035}
{"timestamp":1741388417534,"controller_id":"temperature_controller","error":-0.017293708147583686,"output":0.34619420254900324,"p_term":-0.03458741629516737,"i_term":0.3802879032323372,"d_term":0.0004937156118334229}
{"timestamp":1741388417638,"controller_id":"temperature_controller","error":-0.016359611575907707,"output":0.34639976720876897,"p_term":-0.03271922315181541,"i_term":0.3786519420747464,"d_term":0.00046704828583798985}
{"timestamp":1741388417739,"controller_id":"temperature_controller","error":-0.015475968901903059,"output":0.3465942287177523,"p_term":-0.030951937803806118,"i_term":0.3771043451845561,"d_term":0.00044182133700232384}
{"timestamp":1741388417844,"controller_id":"temperature_controller","error":-0.014640054956434057,"output":0.3467781867487791,"p_term":-0.029280109912868113,"i_term":0.3756403396889127,"d_term":0.00041795697273450116}
